2021-11-26 20:21:57,624 INFO o.s.t.c.s.AbstractTestContextBootstrapper [main] Neither @ContextConfiguration nor @ContextHierarchy found for test class [com.app.controller.TransactionServiceControllerTest], using SpringBootContextLoader
2021-11-26 20:21:57,655 INFO o.s.t.c.s.AbstractContextLoader [main] Could not detect default resource locations for test class [com.app.controller.TransactionServiceControllerTest]: no resource found for suffixes {-context.xml, Context.groovy}.
2021-11-26 20:21:58,240 INFO o.s.t.c.s.AbstractTestContextBootstrapper [main] Loaded default TestExecutionListener class names from location [META-INF/spring.factories]: [org.springframework.boot.test.mock.mockito.MockitoTestExecutionListener, org.springframework.boot.test.mock.mockito.ResetMocksTestExecutionListener, org.springframework.boot.test.autoconfigure.restdocs.RestDocsTestExecutionListener, org.springframework.boot.test.autoconfigure.web.client.MockRestServiceServerResetTestExecutionListener, org.springframework.boot.test.autoconfigure.web.servlet.MockMvcPrintOnlyOnFailureTestExecutionListener, org.springframework.boot.test.autoconfigure.web.servlet.WebDriverTestExecutionListener, org.springframework.boot.test.autoconfigure.webservices.client.MockWebServiceServerTestExecutionListener, org.springframework.test.context.web.ServletTestExecutionListener, org.springframework.test.context.support.DirtiesContextBeforeModesTestExecutionListener, org.springframework.test.context.event.ApplicationEventsTestExecutionListener, org.springframework.test.context.support.DependencyInjectionTestExecutionListener, org.springframework.test.context.support.DirtiesContextTestExecutionListener, org.springframework.test.context.transaction.TransactionalTestExecutionListener, org.springframework.test.context.jdbc.SqlScriptsTestExecutionListener, org.springframework.test.context.event.EventPublishingTestExecutionListener]
2021-11-26 20:21:58,285 INFO o.s.t.c.s.AbstractTestContextBootstrapper [main] Using TestExecutionListeners: [org.springframework.test.context.web.ServletTestExecutionListener@2e3a5237, org.springframework.test.context.support.DirtiesContextBeforeModesTestExecutionListener@4ebadd3d, org.springframework.test.context.event.ApplicationEventsTestExecutionListener@6ac97b84, org.springframework.boot.test.mock.mockito.MockitoTestExecutionListener@4917d36b, org.springframework.boot.test.autoconfigure.SpringBootDependencyInjectionTestExecutionListener@35c09b94, org.springframework.test.context.support.DirtiesContextTestExecutionListener@2d0bfb24, org.springframework.test.context.event.EventPublishingTestExecutionListener@c3fa05a, org.springframework.boot.test.mock.mockito.ResetMocksTestExecutionListener@7b44b63d, org.springframework.boot.test.autoconfigure.restdocs.RestDocsTestExecutionListener@4a699efa, org.springframework.boot.test.autoconfigure.web.client.MockRestServiceServerResetTestExecutionListener@38499e48, org.springframework.boot.test.autoconfigure.web.servlet.MockMvcPrintOnlyOnFailureTestExecutionListener@4905c46b, org.springframework.boot.test.autoconfigure.web.servlet.WebDriverTestExecutionListener@17ae7628, org.springframework.boot.test.autoconfigure.webservices.client.MockWebServiceServerTestExecutionListener@1136b469]
2021-11-26 20:21:59,385 INFO o.s.b.StartupInfoLogger [main] Starting TransactionServiceControllerTest using Java 11.0.7 on LAPTOP-8C8MBNMI with PID 11420 (started by 586666 in C:\dev\workspace-java\overactive)
2021-11-26 20:21:59,395 INFO o.s.b.SpringApplication [main] No active profile set, falling back to default profiles: default
2021-11-26 20:22:04,830 INFO o.s.m.w.MockServletContext [main] Initializing Spring TestDispatcherServlet ''
2021-11-26 20:22:04,831 INFO o.s.w.s.FrameworkServlet [main] Initializing Servlet ''
2021-11-26 20:22:04,835 INFO o.s.w.s.FrameworkServlet [main] Completed initialization in 3 ms
2021-11-26 20:22:04,897 INFO o.s.b.StartupInfoLogger [main] Started TransactionServiceControllerTest in 6.42 seconds (JVM running for 11.606)
2021-11-26 20:22:06,654 INFO c.a.c.TransactionServiceController [main] Serving for PUT - Method /transaction/{id}
2021-11-26 20:22:06,655 INFO c.a.s.TransactionServiceImpl [main] Updating the transaction.
2021-11-26 20:22:06,664 ERROR c.a.e.TransactionExceptionHandler [main] The entered transaction does not exist : 1
2021-11-26 20:22:06,798 INFO c.a.c.TransactionServiceController [main] Serving for POST - Method /transaction
2021-11-26 20:22:06,822 INFO c.a.c.TransactionServiceController [main] Serving for GET - Method /points/month/{customer}
2021-11-26 20:22:06,823 INFO c.a.s.TransactionServiceImpl [main] Getting points-month
2021-11-26 20:22:06,867 INFO c.a.c.TransactionServiceController [main] Serving for DELETE - Method /transaction/{id}
2021-11-26 20:22:06,868 INFO c.a.s.TransactionServiceImpl [main] Deleting the transaction.
2021-11-26 20:22:06,869 ERROR c.a.e.TransactionExceptionHandler [main] The entered transaction does not exist : 2
2021-11-26 20:22:06,895 INFO c.a.c.TransactionServiceController [main] Serving for GET - Method /points/total/{customer}
2021-11-26 20:22:06,896 INFO c.a.s.TransactionServiceImpl [main] Getting points-total
2021-11-26 20:22:06,924 INFO c.a.c.TransactionServiceController [main] Serving for GET - Method /transactions
2021-11-26 20:22:06,925 INFO c.a.s.TransactionServiceImpl [main] Getting transactions presents
2021-11-26 20:22:06,977 INFO o.s.t.c.s.AbstractTestContextBootstrapper [main] Neither @ContextConfiguration nor @ContextHierarchy found for test class [com.app.PointWsApplicationTests], using SpringBootContextLoader
2021-11-26 20:22:06,981 INFO o.s.t.c.s.AbstractContextLoader [main] Could not detect default resource locations for test class [com.app.PointWsApplicationTests]: no resource found for suffixes {-context.xml, Context.groovy}.
2021-11-26 20:22:06,984 INFO o.s.t.c.s.AnnotationConfigContextLoaderUtils [main] Could not detect default configuration classes for test class [com.app.PointWsApplicationTests]: PointWsApplicationTests does not declare any static, non-private, non-final, nested classes annotated with @Configuration.
2021-11-26 20:22:07,003 INFO o.s.b.t.c.SpringBootTestContextBootstrapper [main] Found @SpringBootConfiguration com.app.PointWsApplication for test class com.app.PointWsApplicationTests
2021-11-26 20:22:07,010 INFO o.s.t.c.s.AbstractTestContextBootstrapper [main] Loaded default TestExecutionListener class names from location [META-INF/spring.factories]: [org.springframework.boot.test.mock.mockito.MockitoTestExecutionListener, org.springframework.boot.test.mock.mockito.ResetMocksTestExecutionListener, org.springframework.boot.test.autoconfigure.restdocs.RestDocsTestExecutionListener, org.springframework.boot.test.autoconfigure.web.client.MockRestServiceServerResetTestExecutionListener, org.springframework.boot.test.autoconfigure.web.servlet.MockMvcPrintOnlyOnFailureTestExecutionListener, org.springframework.boot.test.autoconfigure.web.servlet.WebDriverTestExecutionListener, org.springframework.boot.test.autoconfigure.webservices.client.MockWebServiceServerTestExecutionListener, org.springframework.test.context.web.ServletTestExecutionListener, org.springframework.test.context.support.DirtiesContextBeforeModesTestExecutionListener, org.springframework.test.context.event.ApplicationEventsTestExecutionListener, org.springframework.test.context.support.DependencyInjectionTestExecutionListener, org.springframework.test.context.support.DirtiesContextTestExecutionListener, org.springframework.test.context.transaction.TransactionalTestExecutionListener, org.springframework.test.context.jdbc.SqlScriptsTestExecutionListener, org.springframework.test.context.event.EventPublishingTestExecutionListener]
2021-11-26 20:22:07,014 INFO o.s.t.c.s.AbstractTestContextBootstrapper [main] Using TestExecutionListeners: [org.springframework.test.context.web.ServletTestExecutionListener@4e6cbdf1, org.springframework.test.context.support.DirtiesContextBeforeModesTestExecutionListener@67fac095, org.springframework.test.context.event.ApplicationEventsTestExecutionListener@5a13f1f7, org.springframework.boot.test.mock.mockito.MockitoTestExecutionListener@5dae5a70, org.springframework.boot.test.autoconfigure.SpringBootDependencyInjectionTestExecutionListener@7686f701, org.springframework.test.context.support.DirtiesContextTestExecutionListener@47c96f2c, org.springframework.test.context.event.EventPublishingTestExecutionListener@210a26b, org.springframework.boot.test.mock.mockito.ResetMocksTestExecutionListener@2dc21583, org.springframework.boot.test.autoconfigure.restdocs.RestDocsTestExecutionListener@6cbdd1c5, org.springframework.boot.test.autoconfigure.web.client.MockRestServiceServerResetTestExecutionListener@60816371, org.springframework.boot.test.autoconfigure.web.servlet.MockMvcPrintOnlyOnFailureTestExecutionListener@678586f0, org.springframework.boot.test.autoconfigure.web.servlet.WebDriverTestExecutionListener@5ad6f98e, org.springframework.boot.test.autoconfigure.webservices.client.MockWebServiceServerTestExecutionListener@586728e8]
2021-11-26 20:22:07,178 INFO o.s.b.StartupInfoLogger [main] Starting PointWsApplicationTests using Java 11.0.7 on LAPTOP-8C8MBNMI with PID 11420 (started by 586666 in C:\dev\workspace-java\overactive)
2021-11-26 20:22:07,181 INFO o.s.b.SpringApplication [main] No active profile set, falling back to default profiles: default
2021-11-26 20:22:09,298 INFO o.s.b.StartupInfoLogger [main] Started PointWsApplicationTests in 2.276 seconds (JVM running for 16.007)
